#
# There is insufficient memory for the Java Runtime Environment to continue.
# Native memory allocation (mmap) failed to map 266338304 bytes for Failed to commit area from 0x0000000702600000 to 0x0000000712400000 of length 266338304.
# Possible reasons:
#   The system is out of physical RAM or swap space
#   The process is running with CompressedOops enabled, and the Java Heap may be blocking the growth of the native heap
# Possible solutions:
#   Reduce memory load on the system
#   Increase physical memory or swap space
#   Check if swap backing store is full
#   Decrease Java heap size (-Xmx/-Xms)
#   Decrease number of Java threads
#   Decrease Java thread stack sizes (-Xss)
#   Set larger code cache with -XX:ReservedCodeCacheSize=
# This output file may be truncated or incomplete.
#
#  Out of Memory Error (t:/workspace/open/src/hotspot/os/windows/os_windows.cpp:3254), pid=20720, tid=24984
#
# JRE version:  (12.0+33) (build )
# Java VM: Java HotSpot(TM) 64-Bit Server VM (12+33, mixed mode, aot, sharing, tiered, compressed oops, g1 gc, windows-amd64)
# No core dump will be written. Minidumps are not enabled by default on client versions of Windows
#

---------------  S U M M A R Y ------------

Command Line: -Dcom.sun.management.jmxremote -Dcom.sun.management.jmxremote.port=50068 -Dcom.sun.management.jmxremote.authenticate=false -Dcom.sun.management.jmxremote.ssl=false -Djava.rmi.server.hostname=localhost -Dspring.jmx.enabled=true -Dspring.application.admin.enabled=true -Xverify:none -XX:TieredStopAtLevel=1 -Dfile.encoding=UTF-8 pq.jdev.b001.bookstore.BookstoreApplication --spring.output.ansi.enabled=always

Host: Intel(R) Core(TM) i7-8750H CPU @ 2.20GHz, 12 cores, 15G,  Windows 10 , 64 bit Build 17134 (10.0.17134.753)
Time: Fri Jul  5 07:51:07 2019 SE Asia Standard Time elapsed time: 0 seconds (0d 0h 0m 0s)

---------------  T H R E A D  ---------------

Current thread (0x0000023c49d42800):  JavaThread "Unknown thread" [_thread_in_vm, id=24984, stack(0x000000e6e7500000,0x000000e6e7600000)]

Stack: [0x000000e6e7500000,0x000000e6e7600000]
Native frames: (J=compiled Java code, j=interpreted, Vv=VM code, C=native code)
V  [jvm.dll+0x63948a]
V  [jvm.dll+0x78b31f]
V  [jvm.dll+0x78c9c1]
V  [jvm.dll+0x78d013]
V  [jvm.dll+0x262138]
V  [jvm.dll+0x63698a]
V  [jvm.dll+0x62b505]
V  [jvm.dll+0x31d9bc]
V  [jvm.dll+0x31d7ef]
V  [jvm.dll+0x323526]
V  [jvm.dll+0x370f76]
V  [jvm.dll+0x370750]
V  [jvm.dll+0x2f786a]
V  [jvm.dll+0x2f8af2]
V  [jvm.dll+0x7657b7]
V  [jvm.dll+0x766e95]
V  [jvm.dll+0x37f089]
V  [jvm.dll+0x749b14]
V  [jvm.dll+0x3ee48d]
V  [jvm.dll+0x3f03c1]
C  [jli.dll+0x51cf]
C  [ucrtbase.dll+0x1e3fe]
C  [KERNEL32.DLL+0x14034]
C  [ntdll.dll+0x73691]


---------------  P R O C E S S  ---------------

Threads class SMR info:
_java_thread_list=0x00007ffa0a2a48e8, length=0, elements={
}

Java Threads: ( => current thread )

Other Threads:
  0x0000023c49da6000 GCTaskThread "GC Thread#0" [stack: 0x000000e6e7600000,0x000000e6e7700000] [id=18720]
  0x0000023c49dbf800 ConcurrentGCThread "G1 Main Marker" [stack: 0x000000e6e7700000,0x000000e6e7800000] [id=13772]
  0x0000023c49dc2800 ConcurrentGCThread "G1 Conc#0" [stack: 0x000000e6e7800000,0x000000e6e7900000] [id=14624]

[error occurred during error reporting (printing all threads), id 0xc0000005, EXCEPTION_ACCESS_VIOLATION (0xc0000005) at pc=0x00007ffa09ad7a37]

VM state:not at safepoint (not fully initialized)

VM Mutex/Monitor currently owned by a thread:  ([mutex/lock_event])
[0x0000023c49d3e400] Heap_lock - owner thread: 0x0000023c49d42800

Heap address: 0x0000000702600000, size: 4058 MB, Compressed Oops mode: Non-zero based: 0x0000000702600000
Narrow klass base: 0x0000000000000000, Narrow klass shift: 0

GC Heap History (0 events):
No events

Deoptimization events (0 events):
No events

Classes redefined (0 events):
No events

Internal exceptions (0 events):
No events

Events (0 events):
No events


Dynamic libraries:
0x00007ff6b7160000 - 0x00007ff6b716f000 	C:\Program Files\Java\jdk-12\bin\javaw.exe
0x00007ffa56de0000 - 0x00007ffa56fc1000 	C:\Windows\SYSTEM32\ntdll.dll
0x00007ffa54470000 - 0x00007ffa54521000 	C:\Windows\System32\KERNEL32.DLL
0x00007ffa53b60000 - 0x00007ffa53dd3000 	C:\Windows\System32\KERNELBASE.dll
0x00007ffa531b0000 - 0x00007ffa532a8000 	C:\Windows\System32\ucrtbase.dll
0x00007ffa463e0000 - 0x00007ffa463f8000 	C:\Program Files\Java\jdk-12\bin\jli.dll
0x00007ffa46360000 - 0x00007ffa46376000 	C:\Program Files\Java\jdk-12\bin\VCRUNTIME140.dll
0x00007ffa54ff0000 - 0x00007ffa55091000 	C:\Windows\System32\ADVAPI32.dll
0x00007ffa548b0000 - 0x00007ffa5494e000 	C:\Windows\System32\msvcrt.dll
0x00007ffa54410000 - 0x00007ffa5446b000 	C:\Windows\System32\sechost.dll
0x00007ffa56c80000 - 0x00007ffa56da4000 	C:\Windows\System32\RPCRT4.dll
0x00007ffa565e0000 - 0x00007ffa56770000 	C:\Windows\System32\USER32.dll
0x00007ffa54250000 - 0x00007ffa54270000 	C:\Windows\System32\win32u.dll
0x00007ffa323d0000 - 0x00007ffa32639000 	C:\Windows\WinSxS\amd64_microsoft.windows.common-controls_6595b64144ccf1df_6.0.17134.829_none_fb46a5473061b9d5\COMCTL32.dll
0x00007ffa56c50000 - 0x00007ffa56c78000 	C:\Windows\System32\GDI32.dll
0x00007ffa54a00000 - 0x00007ffa54d22000 	C:\Windows\System32\combase.dll
0x00007ffa53e60000 - 0x00007ffa53ff1000 	C:\Windows\System32\gdi32full.dll
0x00007ffa539c0000 - 0x00007ffa53a5f000 	C:\Windows\System32\msvcp_win.dll
0x00007ffa53de0000 - 0x00007ffa53e5a000 	C:\Windows\System32\bcryptPrimitives.dll
0x00007ffa4edc0000 - 0x00007ffa4edca000 	C:\Windows\SYSTEM32\VERSION.dll
0x00007ffa56c20000 - 0x00007ffa56c4d000 	C:\Windows\System32\IMM32.DLL
0x00007ffa453d0000 - 0x00007ffa4547a000 	C:\Program Files\Java\jdk-12\bin\msvcp140.dll
0x00007ffa097d0000 - 0x00007ffa0a344000 	C:\Program Files\Java\jdk-12\bin\server\jvm.dll
0x00007ffa549f0000 - 0x00007ffa549f8000 	C:\Windows\System32\PSAPI.DLL
0x00007ffa3d880000 - 0x00007ffa3d889000 	C:\Windows\SYSTEM32\WSOCK32.dll
0x00007ffa50e20000 - 0x00007ffa50e43000 	C:\Windows\SYSTEM32\WINMM.dll
0x00007ffa54790000 - 0x00007ffa547fc000 	C:\Windows\System32\WS2_32.dll
0x00007ffa50df0000 - 0x00007ffa50e1a000 	C:\Windows\SYSTEM32\WINMMBASE.dll
0x00007ffa53a60000 - 0x00007ffa53aa9000 	C:\Windows\System32\cfgmgr32.dll
0x00007ffa53170000 - 0x00007ffa53181000 	C:\Windows\System32\kernel.appcore.dll
0x00007ffa46320000 - 0x00007ffa46331000 	C:\Program Files\Java\jdk-12\bin\verify.dll
0x00007ffa47ad0000 - 0x00007ffa47c99000 	C:\Windows\SYSTEM32\DBGHELP.DLL
0x00007ffa47aa0000 - 0x00007ffa47ac9000 	C:\Windows\SYSTEM32\dbgcore.DLL
0x00007ffa462f0000 - 0x00007ffa46316000 	C:\Program Files\Java\jdk-12\bin\java.dll
0x00007ffa45870000 - 0x00007ffa45887000 	C:\Program Files\Java\jdk-12\bin\zip.dll
0x00007ffa4f870000 - 0x00007ffa4f87a000 	C:\Program Files\Java\jdk-12\bin\jimage.dll

dbghelp: loaded successfully - version: 4.0.5 - missing functions: none
symbol engine: initialized successfully - sym options: 0x614 - pdb path: .;C:\Program Files\Java\jdk-12\bin;C:\Windows\SYSTEM32;C:\Windows\WinSxS\amd64_microsoft.windows.common-controls_6595b64144ccf1df_6.0.17134.829_none_fb46a5473061b9d5;C:\Program Files\Java\jdk-12\bin\server

VM Arguments:
jvm_args: -Dcom.sun.management.jmxremote -Dcom.sun.management.jmxremote.port=50068 -Dcom.sun.management.jmxremote.authenticate=false -Dcom.sun.management.jmxremote.ssl=false -Djava.rmi.server.hostname=localhost -Dspring.jmx.enabled=true -Dspring.application.admin.enabled=true -Xverify:none -XX:TieredStopAtLevel=1 -Dfile.encoding=UTF-8 
java_command: pq.jdev.b001.bookstore.BookstoreApplication --spring.output.ansi.enabled=always
java_class_path (initial): C:\Users\laptop\Desktop\bookstore\target\classes;C:\Users\laptop\.m2\repository\io\jsonwebtoken\jjwt\0.9.0\jjwt-0.9.0.jar;C:\Users\laptop\.m2\repository\com\fasterxml\jackson\core\jackson-databind\2.9.8\jackson-databind-2.9.8.jar;C:\Users\laptop\.m2\repository\com\fasterxml\jackson\datatype\jackson-datatype-jsr310\2.9.8\jackson-datatype-jsr310-2.9.8.jar;C:\Users\laptop\.m2\repository\com\fasterxml\jackson\core\jackson-annotations\2.9.0\jackson-annotations-2.9.0.jar;C:\Users\laptop\.m2\repository\com\fasterxml\jackson\core\jackson-core\2.9.8\jackson-core-2.9.8.jar;C:\Users\laptop\.m2\repository\org\springframework\security\spring-security-config\5.2.0.M2\spring-security-config-5.2.0.M2.jar;C:\Users\laptop\.m2\repository\org\springframework\security\spring-security-core\5.2.0.M2\spring-security-core-5.2.0.M2.jar;C:\Users\laptop\.m2\repository\org\springframework\spring-expression\5.2.0.M2\spring-expression-5.2.0.M2.jar;C:\Users\laptop\.m2\repository\org\springframework\spring-aop\5.2.0.M2\spring-aop-5.2.0.M2.jar;C:\Users\laptop\.m2\repository\org\springframework\spring-beans\5.2.0.M2\spring-beans-5.2.0.M2.jar;C:\Users\laptop\.m2\repository\org\springframework\spring-context\5.2.0.M2\spring-context-5.2.0.M2.jar;C:\Users\laptop\.m2\repository\org\springframework\spring-core\5.2.0.M2\spring-core-5.2.0.M2.jar;C:\Users\laptop\.m2\repository\org\springframework\spring-jcl\5.2.0.M2\spring-jcl-5.2.0.M2.jar;C:\Users\laptop\.m2\repository\org\springframework\boot\spring-boot-starter-batch\2.2.0.M3\spring-boot-starter-batch-2.2.0.M3.jar;C:\Users\laptop\.m2\repository\org\springframework\boot\spring-boot-starter\2.2.0.M3\spring-boot-starter-2.2.0.M3.jar;C:\Users\laptop\.m2\repository\org\springframework\boot\spring-boot-starter-logging\2.2.0.M3\spring-boot-starter-logging-2.2.0.M3.jar;C:\Users\laptop\.m2\repository\ch\qos\logback\logback-classic\1.2.3\logback-classic-1.2.3.jar;C:\Users\laptop\.m2\repository\ch\qos\logback\logback-core\1.2.3\logback-co
Launcher Type: SUN_STANDARD

[Global flags]
     bool BytecodeVerificationLocal                = false                                     {product} {command line}
     bool BytecodeVerificationRemote               = false                                     {product} {command line}
     intx CICompilerCount                          = 4                                         {product} {ergonomic}
     uint ConcGCThreads                            = 3                                         {product} {ergonomic}
     uint G1ConcRefinementThreads                  = 10                                        {product} {ergonomic}
   size_t G1HeapRegionSize                         = 1048576                                   {product} {ergonomic}
    uintx GCDrainStackTargetSize                   = 64                                        {product} {ergonomic}
   size_t InitialHeapSize                          = 266338304                                 {product} {ergonomic}
     bool ManagementServer                         = true                                      {product} {command line}
   size_t MarkStackSize                            = 4194304                                   {product} {ergonomic}
   size_t MaxHeapSize                              = 4255121408                                {product} {ergonomic}
   size_t MinHeapDeltaBytes                        = 1048576                                   {product} {ergonomic}
    uintx NonNMethodCodeHeapSize                   = 7549744                                {pd product} {ergonomic}
    uintx NonProfiledCodeHeapSize                  = 244108496                              {pd product} {ergonomic}
    uintx ProfiledCodeHeapSize                     = 0                                      {pd product} {ergonomic}
    uintx ReservedCodeCacheSize                    = 251658240                              {pd product} {ergonomic}
     bool SegmentedCodeCache                       = true                                      {product} {ergonomic}
     intx TieredStopAtLevel                        = 1                                         {product} {command line}
     bool UseCompressedClassPointers               = true                                 {lp64_product} {ergonomic}
     bool UseCompressedOops                        = true                                 {lp64_product} {ergonomic}
     bool UseG1GC                                  = true                                      {product} {ergonomic}
     bool UseLargePagesIndividualAllocation        = false                                  {pd product} {ergonomic}

Logging:
Log output configuration:
 #0: stdout all=warning uptime,level,tags
 #1: stderr all=off uptime,level,tags

Environment Variables:
JAVA_HOME=C:\Program Files\Android\jdk\microsoft_dist_openjdk_1.8.0.25
PATH=C:/Program Files/Java/jre1.8.0_211/bin/server;C:/Program Files/Java/jre1.8.0_211/bin;C:/Program Files/Java/jre1.8.0_211/lib/amd64;D:\Program Files (x86)\Scripts\;D:\Program Files (x86)\;C:\Program Files (x86)\Common Files\Oracle\Java\javapath;C:\Program Files\Microsoft MPI\Bin\;C:\Program Files (x86)\Intel\Intel(R) Management Engine Components\iCLS\;C:\Program Files\Intel\Intel(R) Management Engine Components\iCLS\;C:\Windows\system32;C:\Windows;C:\Windows\System32\Wbem;C:\Windows\System32\WindowsPowerShell\v1.0\;C:\Windows\System32\OpenSSH\;C:\Program Files (x86)\NVIDIA Corporation\PhysX\Common;C:\Program Files (x86)\Intel\Intel(R) Management Engine Components\DAL;C:\Program Files\Intel\Intel(R) Management Engine Components\DAL;C:\Program Files (x86)\Intel\Intel(R) Management Engine Components\IPT;C:\Program Files\Intel\Intel(R) Management Engine Components\IPT;C:\Program Files\Intel\WiFi\bin\;C:\Program Files\Common Files\Intel\WirelessCommon\;C:\Program Files\NVIDIA Corporation\NVIDIA NvDLISR;C:\Program Files (x86)\Microsoft SQL Server\140\Tools\Binn\;C:\Program Files\Microsoft SQL Server\140\Tools\Binn\;C:\Program Files (x86)\Microsoft SQL Server\140\DTS\Binn\;C:\Program Files\Microsoft SQL Server\140\DTS\Binn\;C:\Program Files\Microsoft SQL Server\Client SDK\ODBC\130\Tools\Binn\;C:\Program Files\dotnet\;C:\Program Files\Microsoft SQL Server\130\Tools\Binn\;C:\Program Files\Microsoft SQL Server\Client SDK\ODBC\170\Tools\Binn\;D:\Program Files\Git\cmd;C:\Program Files (x86)\Microsoft SQL Server\Client SDK\ODBC\130\Tools\Binn\;C:\Program Files (x86)\Microsoft SQL Server\140\Tools\Binn\ManagementStudio\;D:\Program Files\TortoiseGit\bin;C:\Program Files (x86)\dotnet\;C:\Program Files\Java\jdk-12;C:\maven\bin;D:\Anaconda3;D:\Anaconda3\Library\mingw-w64\bin;D:\Anaconda3\Library\usr\bin;D:\Anaconda3\Library\bin;D:\Anaconda3\Scripts;C:\Users\laptop\AppData\Local\Microsoft\WindowsApps;C:\Users\laptop\AppData\Local\Programs\Microsoft VS Code\bin;C:\Users\laptop\AppData\
USERNAME=laptop
OS=Windows_NT
PROCESSOR_IDENTIFIER=Intel64 Family 6 Model 158 Stepping 10, GenuineIntel



---------------  S Y S T E M  ---------------

OS: Windows 10 , 64 bit Build 17134 (10.0.17134.753)

CPU:total 12 (initial active 12) (6 cores per cpu, 2 threads per core) family 6 model 158 stepping 10, cmov, cx8, fxsr, mmx, sse, sse2, sse3, ssse3, sse4.1, sse4.2, popcnt, avx, avx2, aes, clmul, erms, 3dnowpref, lzcnt, ht, tsc, tscinvbit, bmi1, bmi2, adx, fma

Memory: 4k page, system-wide physical 16229M (5720M free)
TotalPageFile size 31298M (AvailPageFile size 112M)
current process WorkingSet (physical memory assigned to process): 10M, peak: 10M
current process commit charge ("private bytes"): 62M, peak: 316M

vm_info: Java HotSpot(TM) 64-Bit Server VM (12+33) for windows-amd64 JRE (12+33), built on Feb 21 2019 02:31:50 by "mach5one" with MS VC++ 15.5 (VS2017)

END.
