#
# There is insufficient memory for the Java Runtime Environment to continue.
# Native memory allocation (mmap) failed to map 266338304 bytes for Failed to commit area from 0x0000000702600000 to 0x0000000712400000 of length 266338304.
# Possible reasons:
#   The system is out of physical RAM or swap space
#   The process is running with CompressedOops enabled, and the Java Heap may be blocking the growth of the native heap
# Possible solutions:
#   Reduce memory load on the system
#   Increase physical memory or swap space
#   Check if swap backing store is full
#   Decrease Java heap size (-Xmx/-Xms)
#   Decrease number of Java threads
#   Decrease Java thread stack sizes (-Xss)
#   Set larger code cache with -XX:ReservedCodeCacheSize=
# This output file may be truncated or incomplete.
#
#  Out of Memory Error (t:/workspace/open/src/hotspot/os/windows/os_windows.cpp:3254), pid=27872, tid=15136
#
# JRE version:  (12.0+33) (build )
# Java VM: Java HotSpot(TM) 64-Bit Server VM (12+33, mixed mode, aot, sharing, tiered, compressed oops, g1 gc, windows-amd64)
# No core dump will be written. Minidumps are not enabled by default on client versions of Windows
#

---------------  S U M M A R Y ------------

Command Line: -Dfile.encoding=UTF-8 pq.jdev.b001.bookstore.BookstoreApplication

Host: Intel(R) Core(TM) i7-8750H CPU @ 2.20GHz, 12 cores, 15G,  Windows 10 , 64 bit Build 17134 (10.0.17134.753)
Time: Sat Jun 22 16:23:08 2019 SE Asia Standard Time elapsed time: 0 seconds (0d 0h 0m 0s)

---------------  T H R E A D  ---------------

Current thread (0x0000027663ff4800):  JavaThread "Unknown thread" [_thread_in_vm, id=15136, stack(0x0000009c31600000,0x0000009c31700000)]

Stack: [0x0000009c31600000,0x0000009c31700000]
Native frames: (J=compiled Java code, j=interpreted, Vv=VM code, C=native code)
V  [jvm.dll+0x63948a]
V  [jvm.dll+0x78b31f]
V  [jvm.dll+0x78c9c1]
V  [jvm.dll+0x78d013]
V  [jvm.dll+0x262138]
V  [jvm.dll+0x63698a]
V  [jvm.dll+0x62b505]
V  [jvm.dll+0x31d9bc]
V  [jvm.dll+0x31d7ef]
V  [jvm.dll+0x323526]
V  [jvm.dll+0x370f76]
V  [jvm.dll+0x370750]
V  [jvm.dll+0x2f786a]
V  [jvm.dll+0x2f8af2]
V  [jvm.dll+0x7657b7]
V  [jvm.dll+0x766e95]
V  [jvm.dll+0x37f089]
V  [jvm.dll+0x749b14]
V  [jvm.dll+0x3ee48d]
V  [jvm.dll+0x3f03c1]
C  [jli.dll+0x51cf]
C  [ucrtbase.dll+0x1e3fe]
C  [KERNEL32.DLL+0x14034]
C  [ntdll.dll+0x73691]


---------------  P R O C E S S  ---------------

Threads class SMR info:
_java_thread_list=0x00007ffe667648e8, length=0, elements={
}

Java Threads: ( => current thread )

Other Threads:
  0x0000027664059800 GCTaskThread "GC Thread#0" [stack: 0x0000009c31700000,0x0000009c31800000] [id=7208]
  0x0000027664074800 ConcurrentGCThread "G1 Main Marker" [stack: 0x0000009c31800000,0x0000009c31900000] [id=17164]
  0x0000027664078000 ConcurrentGCThread "G1 Conc#0" [stack: 0x0000009c31900000,0x0000009c31a00000] [id=27796]

[error occurred during error reporting (printing all threads), id 0xc0000005, EXCEPTION_ACCESS_VIOLATION (0xc0000005) at pc=0x00007ffe65f97a37]

VM state:not at safepoint (not fully initialized)

VM Mutex/Monitor currently owned by a thread:  ([mutex/lock_event])
[0x0000027663ff3e30] Heap_lock - owner thread: 0x0000027663ff4800

Heap address: 0x0000000702600000, size: 4058 MB, Compressed Oops mode: Non-zero based: 0x0000000702600000
Narrow klass base: 0x0000000000000000, Narrow klass shift: 0

GC Heap History (0 events):
No events

Deoptimization events (0 events):
No events

Classes redefined (0 events):
No events

Internal exceptions (0 events):
No events

Events (0 events):
No events


Dynamic libraries:
0x00007ff667930000 - 0x00007ff66793f000 	C:\Program Files\Java\jdk-12\bin\javaw.exe
0x00007ffeb2310000 - 0x00007ffeb24f1000 	C:\Windows\SYSTEM32\ntdll.dll
0x00007ffeb20c0000 - 0x00007ffeb2171000 	C:\Windows\System32\KERNEL32.DLL
0x00007ffeaf4b0000 - 0x00007ffeaf723000 	C:\Windows\System32\KERNELBASE.dll
0x00007ffeaeca0000 - 0x00007ffeaed98000 	C:\Windows\System32\ucrtbase.dll
0x00007ffea89b0000 - 0x00007ffea89c6000 	C:\Program Files\Java\jdk-12\bin\VCRUNTIME140.dll
0x00007ffeaac30000 - 0x00007ffeaac48000 	C:\Program Files\Java\jdk-12\bin\jli.dll
0x00007ffeafe70000 - 0x00007ffeaff11000 	C:\Windows\System32\ADVAPI32.dll
0x00007ffeb0100000 - 0x00007ffeb019e000 	C:\Windows\System32\msvcrt.dll
0x00007ffeaffb0000 - 0x00007ffeb000b000 	C:\Windows\System32\sechost.dll
0x00007ffeb1df0000 - 0x00007ffeb1f14000 	C:\Windows\System32\RPCRT4.dll
0x00007ffeafad0000 - 0x00007ffeafc60000 	C:\Windows\System32\USER32.dll
0x00007ffeaf780000 - 0x00007ffeaf7a0000 	C:\Windows\System32\win32u.dll
0x00007ffe996b0000 - 0x00007ffe99919000 	C:\Windows\WinSxS\amd64_microsoft.windows.common-controls_6595b64144ccf1df_6.0.17134.829_none_fb46a5473061b9d5\COMCTL32.dll
0x00007ffeafe40000 - 0x00007ffeafe68000 	C:\Windows\System32\GDI32.dll
0x00007ffeaf7a0000 - 0x00007ffeafac2000 	C:\Windows\System32\combase.dll
0x00007ffeae6e0000 - 0x00007ffeae871000 	C:\Windows\System32\gdi32full.dll
0x00007ffeaec00000 - 0x00007ffeaec9f000 	C:\Windows\System32\msvcp_win.dll
0x00007ffeaead0000 - 0x00007ffeaeb4a000 	C:\Windows\System32\bcryptPrimitives.dll
0x00007ffeaaf00000 - 0x00007ffeaaf0a000 	C:\Windows\SYSTEM32\VERSION.dll
0x00007ffeb1760000 - 0x00007ffeb178d000 	C:\Windows\System32\IMM32.DLL
0x00007ffea5c90000 - 0x00007ffea5d3a000 	C:\Program Files\Java\jdk-12\bin\msvcp140.dll
0x00007ffe65c90000 - 0x00007ffe66804000 	C:\Program Files\Java\jdk-12\bin\server\jvm.dll
0x00007ffeaffa0000 - 0x00007ffeaffa8000 	C:\Windows\System32\PSAPI.DLL
0x00007ffe9b140000 - 0x00007ffe9b149000 	C:\Windows\SYSTEM32\WSOCK32.dll
0x00007ffea63d0000 - 0x00007ffea63f3000 	C:\Windows\SYSTEM32\WINMM.dll
0x00007ffeb1d80000 - 0x00007ffeb1dec000 	C:\Windows\System32\WS2_32.dll
0x00007ffea63a0000 - 0x00007ffea63ca000 	C:\Windows\SYSTEM32\WINMMBASE.dll
0x00007ffeaf730000 - 0x00007ffeaf779000 	C:\Windows\System32\cfgmgr32.dll
0x00007ffeae6a0000 - 0x00007ffeae6b1000 	C:\Windows\System32\kernel.appcore.dll
0x00007ffea8260000 - 0x00007ffea8271000 	C:\Program Files\Java\jdk-12\bin\verify.dll
0x00007ffea8090000 - 0x00007ffea8259000 	C:\Windows\SYSTEM32\DBGHELP.DLL
0x00007ffea8060000 - 0x00007ffea8089000 	C:\Windows\SYSTEM32\dbgcore.DLL
0x00007ffea72d0000 - 0x00007ffea72f6000 	C:\Program Files\Java\jdk-12\bin\java.dll
0x00007ffea7350000 - 0x00007ffea7367000 	C:\Program Files\Java\jdk-12\bin\zip.dll
0x00007ffeaac20000 - 0x00007ffeaac2a000 	C:\Program Files\Java\jdk-12\bin\jimage.dll

dbghelp: loaded successfully - version: 4.0.5 - missing functions: none
symbol engine: initialized successfully - sym options: 0x614 - pdb path: .;C:\Program Files\Java\jdk-12\bin;C:\Windows\SYSTEM32;C:\Windows\WinSxS\amd64_microsoft.windows.common-controls_6595b64144ccf1df_6.0.17134.829_none_fb46a5473061b9d5;C:\Program Files\Java\jdk-12\bin\server

VM Arguments:
jvm_args: -Dfile.encoding=UTF-8 
java_command: pq.jdev.b001.bookstore.BookstoreApplication
java_class_path (initial): D:\green academy\project\bookstore\target\classes;C:\Users\laptop\.m2\repository\org\springframework\boot\spring-boot-starter-data-jpa\2.2.0.M3\spring-boot-starter-data-jpa-2.2.0.M3.jar;C:\Users\laptop\.m2\repository\org\springframework\boot\spring-boot-starter-aop\2.2.0.M3\spring-boot-starter-aop-2.2.0.M3.jar;C:\Users\laptop\.m2\repository\org\aspectj\aspectjweaver\1.9.4\aspectjweaver-1.9.4.jar;C:\Users\laptop\.m2\repository\org\springframework\boot\spring-boot-starter-jdbc\2.2.0.M3\spring-boot-starter-jdbc-2.2.0.M3.jar;C:\Users\laptop\.m2\repository\com\zaxxer\HikariCP\3.3.1\HikariCP-3.3.1.jar;C:\Users\laptop\.m2\repository\org\springframework\spring-jdbc\5.2.0.M2\spring-jdbc-5.2.0.M2.jar;C:\Users\laptop\.m2\repository\jakarta\activation\jakarta.activation-api\1.2.1\jakarta.activation-api-1.2.1.jar;C:\Users\laptop\.m2\repository\jakarta\persistence\jakarta.persistence-api\2.2.2\jakarta.persistence-api-2.2.2.jar;C:\Users\laptop\.m2\repository\jakarta\transaction\jakarta.transaction-api\1.3.2\jakarta.transaction-api-1.3.2.jar;C:\Users\laptop\.m2\repository\org\hibernate\hibernate-core\5.4.2.Final\hibernate-core-5.4.2.Final.jar;C:\Users\laptop\.m2\repository\org\jboss\logging\jboss-logging\3.3.2.Final\jboss-logging-3.3.2.Final.jar;C:\Users\laptop\.m2\repository\org\javassist\javassist\3.24.0-GA\javassist-3.24.0-GA.jar;C:\Users\laptop\.m2\repository\net\bytebuddy\byte-buddy\1.9.12\byte-buddy-1.9.12.jar;C:\Users\laptop\.m2\repository\antlr\antlr\2.7.7\antlr-2.7.7.jar;C:\Users\laptop\.m2\repository\org\jboss\jandex\2.0.5.Final\jandex-2.0.5.Final.jar;C:\Users\laptop\.m2\repository\com\fasterxml\classmate\1.5.0\classmate-1.5.0.jar;C:\Users\laptop\.m2\repository\org\dom4j\dom4j\2.1.1\dom4j-2.1.1.jar;C:\Users\laptop\.m2\repository\org\hibernate\common\hibernate-commons-annotations\5.1.0.Final\hibernate-commons-annotations-5.1.0.Final.jar;C:\Users\laptop\.m2\repository\org\glassfish\jaxb\jaxb-runtime\2.3.2\jaxb-runtime-2.3.2.jar;C:\Users\laptop\.
Launcher Type: SUN_STANDARD

[Global flags]
     intx CICompilerCount                          = 4                                         {product} {ergonomic}
     uint ConcGCThreads                            = 3                                         {product} {ergonomic}
     uint G1ConcRefinementThreads                  = 10                                        {product} {ergonomic}
   size_t G1HeapRegionSize                         = 1048576                                   {product} {ergonomic}
    uintx GCDrainStackTargetSize                   = 64                                        {product} {ergonomic}
   size_t InitialHeapSize                          = 266338304                                 {product} {ergonomic}
   size_t MarkStackSize                            = 4194304                                   {product} {ergonomic}
   size_t MaxHeapSize                              = 4255121408                                {product} {ergonomic}
   size_t MinHeapDeltaBytes                        = 1048576                                   {product} {ergonomic}
    uintx NonNMethodCodeHeapSize                   = 5836300                                {pd product} {ergonomic}
    uintx NonProfiledCodeHeapSize                  = 122910970                              {pd product} {ergonomic}
    uintx ProfiledCodeHeapSize                     = 122910970                              {pd product} {ergonomic}
    uintx ReservedCodeCacheSize                    = 251658240                              {pd product} {ergonomic}
     bool SegmentedCodeCache                       = true                                      {product} {ergonomic}
     bool UseCompressedClassPointers               = true                                 {lp64_product} {ergonomic}
     bool UseCompressedOops                        = true                                 {lp64_product} {ergonomic}
     bool UseG1GC                                  = true                                      {product} {ergonomic}
     bool UseLargePagesIndividualAllocation        = false                                  {pd product} {ergonomic}

Logging:
Log output configuration:
 #0: stdout all=warning uptime,level,tags
 #1: stderr all=off uptime,level,tags

Environment Variables:
JAVA_HOME=C:\Program Files\Android\jdk\microsoft_dist_openjdk_1.8.0.25
PATH=C:/Program Files/Java/jre1.8.0_211/bin/server;C:/Program Files/Java/jre1.8.0_211/bin;C:/Program Files/Java/jre1.8.0_211/lib/amd64;D:\Program Files (x86)\Scripts\;D:\Program Files (x86)\;C:\Program Files (x86)\Common Files\Oracle\Java\javapath;C:\Program Files\Microsoft MPI\Bin\;C:\Program Files (x86)\Intel\Intel(R) Management Engine Components\iCLS\;C:\Program Files\Intel\Intel(R) Management Engine Components\iCLS\;C:\Windows\system32;C:\Windows;C:\Windows\System32\Wbem;C:\Windows\System32\WindowsPowerShell\v1.0\;C:\Windows\System32\OpenSSH\;C:\Program Files (x86)\NVIDIA Corporation\PhysX\Common;C:\Program Files (x86)\Intel\Intel(R) Management Engine Components\DAL;C:\Program Files\Intel\Intel(R) Management Engine Components\DAL;C:\Program Files (x86)\Intel\Intel(R) Management Engine Components\IPT;C:\Program Files\Intel\Intel(R) Management Engine Components\IPT;C:\Program Files\Intel\WiFi\bin\;C:\Program Files\Common Files\Intel\WirelessCommon\;C:\Program Files\NVIDIA Corporation\NVIDIA NvDLISR;C:\Program Files (x86)\Microsoft SQL Server\140\Tools\Binn\;C:\Program Files\Microsoft SQL Server\140\Tools\Binn\;C:\Program Files (x86)\Microsoft SQL Server\140\DTS\Binn\;C:\Program Files\Microsoft SQL Server\140\DTS\Binn\;C:\Program Files\Microsoft SQL Server\Client SDK\ODBC\130\Tools\Binn\;C:\Program Files\dotnet\;C:\Program Files\Microsoft SQL Server\130\Tools\Binn\;C:\Program Files\Microsoft SQL Server\Client SDK\ODBC\170\Tools\Binn\;D:\Program Files\Git\cmd;C:\Program Files (x86)\Microsoft SQL Server\Client SDK\ODBC\130\Tools\Binn\;C:\Program Files (x86)\Microsoft SQL Server\140\Tools\Binn\ManagementStudio\;D:\Program Files\TortoiseGit\bin;C:\Program Files (x86)\dotnet\;C:\Program Files\Java\jdk-12;C:\maven\bin;D:\Anaconda3;D:\Anaconda3\Library\mingw-w64\bin;D:\Anaconda3\Library\usr\bin;D:\Anaconda3\Library\bin;D:\Anaconda3\Scripts;C:\Users\laptop\AppData\Local\Microsoft\WindowsApps;C:\Users\laptop\AppData\Local\Programs\Microsoft VS Code\bin;C:\Users\laptop\AppData\
USERNAME=laptop
OS=Windows_NT
PROCESSOR_IDENTIFIER=Intel64 Family 6 Model 158 Stepping 10, GenuineIntel



---------------  S Y S T E M  ---------------

OS: Windows 10 , 64 bit Build 17134 (10.0.17134.753)

CPU:total 12 (initial active 12) (6 cores per cpu, 2 threads per core) family 6 model 158 stepping 10, cmov, cx8, fxsr, mmx, sse, sse2, sse3, ssse3, sse4.1, sse4.2, popcnt, avx, avx2, aes, clmul, erms, 3dnowpref, lzcnt, ht, tsc, tscinvbit, bmi1, bmi2, adx, fma

Memory: 4k page, system-wide physical 16229M (5147M free)
TotalPageFile size 31326M (AvailPageFile size 79M)
current process WorkingSet (physical memory assigned to process): 10M, peak: 10M
current process commit charge ("private bytes"): 65M, peak: 319M

vm_info: Java HotSpot(TM) 64-Bit Server VM (12+33) for windows-amd64 JRE (12+33), built on Feb 21 2019 02:31:50 by "mach5one" with MS VC++ 15.5 (VS2017)

END.
